  CameraDebug.cpp
  CameraManager.cpp
  CameraPlayer.cpp
  LandformManager.cpp
  Wall.cpp
  Sky.cpp
  Player.cpp
  Scene.cpp
  SceneBase.cpp
  SceneClear.cpp
  SceneDefeat.cpp
D:\Users\2409409\Desktop\GameProduction2\企画２\Turret\Src\Game\Scene\SceneClear\SceneClear.cpp(36,13): warning C4551: 関数呼び出しに引数リストがありません。
D:\Users\2409409\Desktop\GameProduction2\企画２\Turret\Src\Game\Scene\SceneDefeat\SceneDefeat.cpp(36,13): warning C4551: 関数呼び出しに引数リストがありません。
  SceneGame.cpp
  SceneTitle.cpp
  Data.cpp
  Fps.cpp
  Collision.cpp
  Key.cpp
  Mouse.cpp
  Pad.cpp
  Fade.cpp
  コードを生成中...
  コンパイル中...
  ActorMove.cpp
  Getrand.cpp
  MyMath.cpp
  Actor.cpp
  Object.cpp
  Observer.cpp
  Subject.cpp
  Singleton.cpp
  Main.cpp
  コードを生成中...
  Turret.vcxproj -> D:\Users\2409409\Desktop\GameProduction2\企画２\Turret\x64\Debug\Turret.exe
